[Thu Sep 22 19:44:01 2005] From CGI script /cgi-bin/oea.cgi, to 1 recipient(s).  Recipients: aboodalamri@yahoo.com
[Thu Sep 22 19:44:01 2005] From CGI script /cgi-bin/oea.cgi, to 1 recipient(s).  Recipients: webtec@omantel.net.om
[Thu Sep 22 19:44:01 2005] From CGI script /cgi-bin/oea.cgi, to 1 recipient(s).  Recipients: nalfarsi@hotmail.com
[Thu Sep 22 19:46:56 2005] From CGI script /cgi-bin/oea.cgi, to 1 recipient(s).  Recipients: webtec@omantel.net.om
[Thu Sep 22 19:46:56 2005] From CGI script /cgi-bin/oea.cgi, to 1 recipient(s).  Recipients: nalfarsi@hotmail.com
[Thu Sep 22 19:46:56 2005] From CGI script /cgi-bin/oea.cgi, to 1 recipient(s).  Recipients: aboodalamri@yahoo.com
[Fri Sep 23 03:20:41 2005] From CGI script /cgi-bin/oea.cgi, to 1 recipient(s).  Recipients: nalfarsi@hotmail.com
[Fri Sep 23 03:20:41 2005] From CGI script /cgi-bin/oea.cgi, to 1 recipient(s).  Recipients: webtec@omantel.net.om
[Fri Sep 23 03:20:41 2005] From CGI script /cgi-bin/oea.cgi, to 1 recipient(s).  Recipients: u034546@squ.edu.om
[Sat Sep 24 06:24:39 2005] From CGI script /cgi-bin/oea.cgi, to 1 recipient(s).  Recipients: nalfarsi@hotmail.com
[Sat Sep 24 06:24:39 2005] From CGI script /cgi-bin/oea.cgi, to 1 recipient(s).  Recipients: Mackyarabi@hotmail.com
[Sat Sep 24 06:24:39 2005] From CGI script /cgi-bin/oea.cgi, to 1 recipient(s).  Recipients: webtec@omantel.net.om
[Sat Oct  1 01:02:40 2005] From CGI script /cgi-bin/oea.cgi, to 1 recipient(s).  Recipients: almoharby@squ.edu.om
[Sat Oct  1 01:02:39 2005] From CGI script /cgi-bin/oea.cgi, to 1 recipient(s).  Recipients: nalfarsi@hotmail.com
[Sat Oct  1 01:02:39 2005] From CGI script /cgi-bin/oea.cgi, to 1 recipient(s).  Recipients: webtec@omantel.net.om
[Sat Oct  1 04:54:39 2005] From CGI script /cgi-bin/oea.cgi, to 1 recipient(s).  Recipients: u055494@squ.edu.om
[Sat Oct  1 04:54:39 2005] From CGI script /cgi-bin/oea.cgi, to 1 recipient(s).  Recipients: webtec@omantel.net.om
[Sat Oct  1 04:54:39 2005] From CGI script /cgi-bin/oea.cgi, to 1 recipient(s).  Recipients: nalfarsi@hotmail.com
[Sat Oct  1 06:14:49 2005] From CGI script /cgi-bin/oea.cgi, to 1 recipient(s).  Recipients: nalfarsi@hotmail.com
[Sat Oct  1 06:14:49 2005] From CGI script /cgi-bin/oea.cgi, to 1 recipient(s).  Recipients: albahlani@hotmail.com
[Sat Oct  1 06:14:49 2005] From CGI script /cgi-bin/oea.cgi, to 1 recipient(s).  Recipients: webtec@omantel.net.om
[Sat Oct  1 06:15:11 2005] From CGI script /cgi-bin/oea.cgi, to 1 recipient(s).  Recipients: nalfarsi@hotmail.com
[Sat Oct  1 06:15:09 2005] From CGI script /cgi-bin/oea.cgi, to 1 recipient(s).  Recipients: webtec@omantel.net.om
[Sat Oct  1 06:15:14 2005] From CGI script /cgi-bin/oea.cgi, to 1 recipient(s).  Recipients: aseer-8@hotmail.com
[Sat Oct  1 06:16:12 2005] From CGI script /cgi-bin/oea.cgi, to 1 recipient(s).  Recipients: webtec@omantel.net.om
[Sat Oct  1 06:16:13 2005] From CGI script /cgi-bin/oea.cgi, to 1 recipient(s).  Recipients: nalfarsi@hotmail.com
[Sat Oct  1 06:16:13 2005] From CGI script /cgi-bin/oea.cgi, to 1 recipient(s).  Recipients: aseer-8@hotmail.com
[Sat Oct  1 06:34:21 2005] From CGI script /cgi-bin/oea.cgi, to 1 recipient(s).  Recipients: webtec@omantel.net.om
[Sat Oct  1 06:34:21 2005] From CGI script /cgi-bin/oea.cgi, to 1 recipient(s).  Recipients: nalfarsi@hotmail.com
[Sat Oct  1 06:34:21 2005] From CGI script /cgi-bin/oea.cgi, to 1 recipient(s).  Recipients: u056463@squ.edu.om
[Sun Oct  2 00:39:39 2005] From CGI script /cgi-bin/oea.cgi, to 1 recipient(s).  Recipients: nalfarsi@hotmail.com
[Sun Oct  2 00:39:39 2005] From CGI script /cgi-bin/oea.cgi, to 1 recipient(s).  Recipients: webtec@omantel.net.om
[Sun Oct  2 00:39:39 2005] From CGI script /cgi-bin/oea.cgi, to 1 recipient(s).  Recipients: alifarsi@squ.edu.om
[Sun Oct  2 02:20:48 2005] From CGI script /cgi-bin/oea.cgi, to 1 recipient(s).  Recipients: mas_22222@yahoo.com
[Sun Oct  2 02:20:48 2005] From CGI script /cgi-bin/oea.cgi, to 1 recipient(s).  Recipients: nalfarsi@hotmail.com
[Sun Oct  2 02:20:47 2005] From CGI script /cgi-bin/oea.cgi, to 1 recipient(s).  Recipients: webtec@omantel.net.om
[Sun Oct  2 02:23:45 2005] From CGI script /cgi-bin/oea.cgi, to 1 recipient(s).  Recipients: nalfarsi@hotmail.com
[Sun Oct  2 02:23:45 2005] From CGI script /cgi-bin/oea.cgi, to 1 recipient(s).  Recipients: webtec@omantel.net.om
[Sun Oct  2 02:23:45 2005] From CGI script /cgi-bin/oea.cgi, to 1 recipient(s).  Recipients: oiecoman@omantel.net.om
[Mon Oct  3 05:44:54 2005] From CGI script /cgi-bin/oea.cgi, to 1 recipient(s).  Recipients: webtec@omantel.net.om
[Mon Oct  3 05:44:54 2005] From CGI script /cgi-bin/oea.cgi, to 1 recipient(s).  Recipients: u039187@squ.edu.om
[Mon Oct  3 05:44:54 2005] From CGI script /cgi-bin/oea.cgi, to 1 recipient(s).  Recipients: nalfarsi@hotmail.com
[Mon Oct  3 10:12:40 2005] From CGI script /cgi-bin/oea.cgi, to 1 recipient(s).  Recipients: webtec@omantel.net.om
[Mon Oct  3 10:12:40 2005] From CGI script /cgi-bin/oea.cgi, to 1 recipient(s).  Recipients: nalfarsi@hotmail.com
[Mon Oct  3 10:12:41 2005] From CGI script /cgi-bin/oea.cgi, to 1 recipient(s).  Recipients: almarhoon83@gmail.com
[Wed Oct  5 15:34:59 2005] From CGI script /cgi-bin/oea.cgi, to 1 recipient(s).  Recipients: webtec@omantel.net.om
[Wed Oct  5 15:34:59 2005] From CGI script /cgi-bin/oea.cgi, to 1 recipient(s).  Recipients: u065363@squ.edu.om
[Wed Oct  5 15:34:59 2005] From CGI script /cgi-bin/oea.cgi, to 1 recipient(s).  Recipients: nalfarsi@hotmail.com
[Sat Oct  8 03:16:03 2005] From CGI script /cgi-bin/oea.cgi, to 1 recipient(s).  Recipients: nalfarsi@hotmail.com
[Sat Oct  8 03:16:03 2005] From CGI script /cgi-bin/oea.cgi, to 1 recipient(s).  Recipients: webtec@omantel.net.om
[Sat Oct  8 03:16:03 2005] From CGI script /cgi-bin/oea.cgi, to 1 recipient(s).  Recipients: sayra@omantel.net.om
[Sat Oct  8 07:04:19 2005] From CGI script /cgi-bin/oea.cgi, to 1 recipient(s).  Recipients: webtec@omantel.net.om
[Sat Oct  8 07:04:20 2005] From CGI script /cgi-bin/oea.cgi, to 1 recipient(s).  Recipients: mkbalushi@hotmail.com
[Sat Oct  8 07:04:20 2005] From CGI script /cgi-bin/oea.cgi, to 1 recipient(s).  Recipients: nalfarsi@hotmail.com
[Sun Oct  9 03:05:55 2005] From CGI script /cgi-bin/oea.cgi, to 1 recipient(s).  Recipients: webtec@omantel.net.om
[Sun Oct  9 03:05:56 2005] From CGI script /cgi-bin/oea.cgi, to 1 recipient(s).  Recipients: yousufalbusaidi@yahoo.com
[Sun Oct  9 03:05:56 2005] From CGI script /cgi-bin/oea.cgi, to 1 recipient(s).  Recipients: nalfarsi@hotmail.com
[Mon Oct 10 03:44:37 2005] From CGI script /cgi-bin/oea.cgi, to 1 recipient(s).  Recipients: webtec@omantel.net.om
[Mon Oct 10 03:44:37 2005] From CGI script /cgi-bin/oea.cgi, to 1 recipient(s).  Recipients: nalfarsi@hotmail.com
[Mon Oct 10 03:44:37 2005] From CGI script /cgi-bin/oea.cgi, to 1 recipient(s).  Recipients: mba0012@yahoo.com
[Sat Oct 15 05:45:21 2005] From CGI script /cgi-bin/oea.cgi, to 1 recipient(s).  Recipients: dr.said@majancollege.edu.om
[Sat Oct 15 05:45:21 2005] From CGI script /cgi-bin/oea.cgi, to 1 recipient(s).  Recipients: nalfarsi@hotmail.com
[Sat Oct 15 05:45:20 2005] From CGI script /cgi-bin/oea.cgi, to 1 recipient(s).  Recipients: webtec@omantel.net.om
[Sun Oct 16 01:14:08 2005] From CGI script /cgi-bin/oea.cgi, to 1 recipient(s).  Recipients: smahdi@omantel.net.om
[Sun Oct 16 01:14:07 2005] From CGI script /cgi-bin/oea.cgi, to 1 recipient(s).  Recipients: webtec@omantel.net.om
[Sun Oct 16 01:14:07 2005] From CGI script /cgi-bin/oea.cgi, to 1 recipient(s).  Recipients: nalfarsi@hotmail.com
[Mon Oct 17 17:02:58 2005] From CGI script /cgi-bin/oea.cgi, to 1 recipient(s).  Recipients: webtec@omantel.net.om
[Mon Oct 17 17:02:58 2005] From CGI script /cgi-bin/oea.cgi, to 1 recipient(s).  Recipients: talal222_00@hotmail.com
[Mon Oct 17 17:02:58 2005] From CGI script /cgi-bin/oea.cgi, to 1 recipient(s).  Recipients: nalfarsi@hotmail.com
[Sat Oct 22 01:39:39 2005] From CGI script /cgi-bin/oea.cgi, to 1 recipient(s).  Recipients: hzakwan@hotmail.com
[Sat Oct 22 01:39:39 2005] From CGI script /cgi-bin/oea.cgi, to 1 recipient(s).  Recipients: nalfarsi@hotmail.com
[Sat Oct 22 01:39:39 2005] From CGI script /cgi-bin/oea.cgi, to 1 recipient(s).  Recipients: webtec@omantel.net.om
[Sat Oct 22 03:34:34 2005] From CGI script /cgi-bin/oea.cgi, to 1 recipient(s).  Recipients: shiamalraisi@yahoo.com
[Sat Oct 22 03:34:33 2005] From CGI script /cgi-bin/oea.cgi, to 1 recipient(s).  Recipients: webtec@omantel.net.om
[Sat Oct 22 03:34:33 2005] From CGI script /cgi-bin/oea.cgi, to 1 recipient(s).  Recipients: nalfarsi@hotmail.com
[Mon Oct 24 03:14:22 2005] From CGI script /cgi-bin/oea.cgi, to 1 recipient(s).  Recipients: nalfarsi@hotmail.com
[Mon Oct 24 03:14:22 2005] From CGI script /cgi-bin/oea.cgi, to 1 recipient(s).  Recipients: fatahsalih@yahoo.com
[Mon Oct 24 03:14:21 2005] From CGI script /cgi-bin/oea.cgi, to 1 recipient(s).  Recipients: webtec@omantel.net.om
[Sat Nov 12 11:57:28 2005] From CGI script /cgi-bin/oea.cgi, to 1 recipient(s).  Recipients: nalfarsi@hotmail.com
[Sat Nov 12 11:57:28 2005] From CGI script /cgi-bin/oea.cgi, to 1 recipient(s).  Recipients: balasubramanyamnv@hotmail.com
[Sat Nov 12 11:57:27 2005] From CGI script /cgi-bin/oea.cgi, to 1 recipient(s).  Recipients: webtec@omantel.net.om
[Mon Nov 14 02:13:37 2005] From CGI script /cgi-bin/oea.cgi, to 1 recipient(s).  Recipients: shadyas@hotmail.com
[Mon Nov 14 02:13:37 2005] From CGI script /cgi-bin/oea.cgi, to 1 recipient(s).  Recipients: webtec@omantel.net.om
[Mon Nov 14 02:13:37 2005] From CGI script /cgi-bin/oea.cgi, to 1 recipient(s).  Recipients: nalfarsi@hotmail.com
[Wed Nov 16 06:39:42 2005] From CGI script /cgi-bin/oea.cgi, to 1 recipient(s).  Recipients: hoqani@hotmail.com
[Wed Nov 16 06:39:41 2005] From CGI script /cgi-bin/oea.cgi, to 1 recipient(s).  Recipients: nalfarsi@hotmail.com
[Wed Nov 16 06:39:41 2005] From CGI script /cgi-bin/oea.cgi, to 1 recipient(s).  Recipients: webtec@omantel.net.om
[Wed Nov 16 11:54:00 2005] From CGI script /cgi-bin/oea.cgi, to 1 recipient(s).  Recipients: webtec@omantel.net.om
[Sat Nov 26 03:12:21 2005] From CGI script /cgi-bin/oea.cgi, to 1 recipient(s).  Recipients: fatahsalih@finvestbank.com
[Sat Nov 26 03:12:21 2005] From CGI script /cgi-bin/oea.cgi, to 1 recipient(s).  Recipients: nalfarsi@hotmail.com
[Sat Nov 26 03:12:20 2005] From CGI script /cgi-bin/oea.cgi, to 1 recipient(s).  Recipients: webtec@omantel.net.om
[Fri Dec  2 15:59:15 2005] From CGI script /cgi-bin/oea.cgi, to 1 recipient(s).  Recipients: qaid2000@hotmail.com
[Fri Dec  2 15:59:15 2005] From CGI script /cgi-bin/oea.cgi, to 1 recipient(s).  Recipients: webtec@omantel.net.om
[Fri Dec  2 15:59:15 2005] From CGI script /cgi-bin/oea.cgi, to 1 recipient(s).  Recipients: nalfarsi@hotmail.com
[Mon Dec  5 12:48:29 2005] From CGI script /cgi-bin/oea.cgi, to 1 recipient(s).  Recipients: u065709@squ.edu.om
[Mon Dec  5 12:48:29 2005] From CGI script /cgi-bin/oea.cgi, to 1 recipient(s).  Recipients: nalfarsi@hotmail.com
[Mon Dec  5 12:48:28 2005] From CGI script /cgi-bin/oea.cgi, to 1 recipient(s).  Recipients: webtec@omantel.net.om
[Thu Dec  8 14:39:48 2005] From CGI script /cgi-bin/oea.cgi, to 1 recipient(s).  Recipients: webtec@omantel.net.om
[Thu Dec  8 14:39:50 2005] From CGI script /cgi-bin/oea.cgi, to 1 recipient(s).  Recipients: Yahya1982@hotmail.com
[Thu Dec  8 14:39:49 2005] From CGI script /cgi-bin/oea.cgi, to 1 recipient(s).  Recipients: nalfarsi@hotmail.com
[Thu Dec  8 14:41:04 2005] From CGI script /cgi-bin/oea.cgi, to 1 recipient(s).  Recipients: Yahya1982@hotmail.com
[Thu Dec  8 14:41:03 2005] From CGI script /cgi-bin/oea.cgi, to 1 recipient(s).  Recipients: webtec@omantel.net.om
[Thu Dec  8 14:41:04 2005] From CGI script /cgi-bin/oea.cgi, to 1 recipient(s).  Recipients: nalfarsi@hotmail.com
[Wed Sep 20 01:43:44 2006] From CGI script /cgi-bin/oea.cgi, to 1 recipient(s).  Recipients: nalfarsi@hotmail.com
[Wed Sep 20 01:43:45 2006] From CGI script /cgi-bin/oea.cgi, to 1 recipient(s).  Recipients: ofaer@hotmail.com
[Wed Sep 20 01:43:44 2006] From CGI script /cgi-bin/oea.cgi, to 1 recipient(s).  Recipients: webtec@omantel.net.om
[Tue Sep 26 13:55:57 2006] From CGI script /cgi-bin/oea.cgi, to 1 recipient(s).  Recipients: nalfarsi@hotmail.com
[Tue Sep 26 13:55:56 2006] From CGI script /cgi-bin/oea.cgi, to 1 recipient(s).  Recipients: webtec@omantel.net.om
[Tue Sep 26 13:55:58 2006] From CGI script /cgi-bin/oea.cgi, to 1 recipient(s).  Recipients: bdrsss@hotmail.com
[Mon Oct  2 08:53:34 2006] From CGI script /cgi-bin/oea.cgi, to 1 recipient(s).  Recipients: nalfarsi@hotmail.com
[Mon Oct  2 08:53:33 2006] From CGI script /cgi-bin/oea.cgi, to 1 recipient(s).  Recipients: webtec@omantel.net.om
[Mon Oct  2 08:53:34 2006] From CGI script /cgi-bin/oea.cgi, to 1 recipient(s).  Recipients: khda200020@yahoo.com
[Mon Oct  2 08:54:27 2006] From CGI script /cgi-bin/oea.cgi, to 1 recipient(s).  Recipients: webtec@omantel.net.om
[Mon Oct  2 08:54:28 2006] From CGI script /cgi-bin/oea.cgi, to 1 recipient(s).  Recipients: nalfarsi@hotmail.com
[Mon Oct  2 08:54:28 2006] From CGI script /cgi-bin/oea.cgi, to 1 recipient(s).  Recipients: khda200010@yahoo.com
[Wed Oct  4 04:18:03 2006] From CGI script /cgi-bin/oea.cgi, to 1 recipient(s).  Recipients: webtec@omantel.net.om
[Wed Oct  4 04:18:03 2006] From CGI script /cgi-bin/oea.cgi, to 1 recipient(s).  Recipients: modcom@omantel.net.om
[Wed Oct  4 04:18:03 2006] From CGI script /cgi-bin/oea.cgi, to 1 recipient(s).  Recipients: nalfarsi@hotmail.com
[Wed Oct 11 00:48:04 2006] From CGI script /cgi-bin/oea.cgi, to 1 recipient(s).  Recipients: nalfarsi@hotmail.com
[Wed Oct 11 00:48:04 2006] From CGI script /cgi-bin/oea.cgi, to 1 recipient(s).  Recipients: webtec@omantel.net.om
[Wed Oct 11 00:48:04 2006] From CGI script /cgi-bin/oea.cgi, to 1 recipient(s).  Recipients: saeed.alhinai@nbad.com
[Wed Oct 11 03:58:56 2006] From CGI script /cgi-bin/oea.cgi, to 1 recipient(s).  Recipients: webtec@omantel.net.om
[Wed Oct 11 03:58:57 2006] From CGI script /cgi-bin/oea.cgi, to 1 recipient(s).  Recipients: esmail76@scs-net.org
[Wed Oct 11 03:58:57 2006] From CGI script /cgi-bin/oea.cgi, to 1 recipient(s).  Recipients: nalfarsi@hotmail.com
[Wed Nov  8 00:56:27 2006] From CGI script /cgi-bin/oea.cgi, to 1 recipient(s).  Recipients: qais_alkhonji@hotmail.com
[Wed Nov  8 00:56:26 2006] From CGI script /cgi-bin/oea.cgi, to 1 recipient(s).  Recipients: webtec@omantel.net.om
[Wed Nov  8 00:56:26 2006] From CGI script /cgi-bin/oea.cgi, to 1 recipient(s).  Recipients: nalfarsi@hotmail.com
[Wed Nov  8 06:12:54 2006] From CGI script /cgi-bin/oea.cgi, to 1 recipient(s).  Recipients: webtec@omantel.net.om
[Wed Nov  8 06:12:54 2006] From CGI script /cgi-bin/oea.cgi, to 1 recipient(s).  Recipients: ashrafnabhan@cbfs.edu.om
[Wed Nov  8 06:12:54 2006] From CGI script /cgi-bin/oea.cgi, to 1 recipient(s).  Recipients: nalfarsi@hotmail.com
[Sun Dec 17 13:59:45 2006] From CGI script /cgi-bin/oea.cgi, to 1 recipient(s).  Recipients: webtec@omantel.net.om
[Sun Dec 17 13:59:45 2006] From CGI script /cgi-bin/oea.cgi, to 1 recipient(s).  Recipients: m.alsatmi@hotmail.com
[Sun Dec 17 13:59:45 2006] From CGI script /cgi-bin/oea.cgi, to 1 recipient(s).  Recipients: nalfarsi@hotmail.com
[Sun Dec 24 11:44:40 2006] From CGI script /cgi-bin/oea.cgi, to 1 recipient(s).  Recipients: Dr_aab@msn.com
[Sun Dec 24 11:44:40 2006] From CGI script /cgi-bin/oea.cgi, to 1 recipient(s).  Recipients: nalfarsi@hotmail.com
[Sun Dec 24 11:44:40 2006] From CGI script /cgi-bin/oea.cgi, to 1 recipient(s).  Recipients: webtec@omantel.net.om
[Sun Dec 24 12:04:08 2006] From CGI script /cgi-bin/oea.cgi, to 1 recipient(s).  Recipients: Dr_aab@msn.com
[Sun Dec 24 12:04:08 2006] From CGI script /cgi-bin/oea.cgi, to 1 recipient(s).  Recipients: webtec@omantel.net.om
[Sun Dec 24 12:04:08 2006] From CGI script /cgi-bin/oea.cgi, to 1 recipient(s).  Recipients: nalfarsi@hotmail.com
[Sun Dec 24 12:26:54 2006] From CGI script /cgi-bin/oea.cgi, to 1 recipient(s).  Recipients: webtec@omantel.net.om
[Sun Dec 24 12:26:54 2006] From CGI script /cgi-bin/oea.cgi, to 1 recipient(s).  Recipients: nalfarsi@hotmail.com
[Sun Dec 24 12:26:54 2006] From CGI script /cgi-bin/oea.cgi, to 1 recipient(s).  Recipients: Dr_aab@msn.com
[Tue Jan 16 09:11:14 2007] From CGI script /cgi-bin/oea.cgi, to 1 recipient(s).  Recipients: webtec@omantel.net.om
[Tue Jan 16 09:11:15 2007] From CGI script /cgi-bin/oea.cgi, to 1 recipient(s).  Recipients: ramdams@rediffmail.com
[Tue Jan 16 09:11:14 2007] From CGI script /cgi-bin/oea.cgi, to 1 recipient(s).  Recipients: nalfarsi@hotmail.com
[Fri Jan 19 18:14:34 2007] From CGI script /cgi-bin/oea.cgi, to 1 recipient(s).  Recipients: nalfarsi@hotmail.com
[Fri Jan 19 18:14:33 2007] From CGI script /cgi-bin/oea.cgi, to 1 recipient(s).  Recipients: webtec@omantel.net.om
[Fri Jan 19 18:14:34 2007] From CGI script /cgi-bin/oea.cgi, to 1 recipient(s).  Recipients: smsjsmsj@naseej.com
[Tue Jan 30 00:14:11 2007] From CGI script /cgi-bin/oea.cgi, to 1 recipient(s).  Recipients: webtec@omantel.net.om
[Tue Jan 30 00:14:12 2007] From CGI script /cgi-bin/oea.cgi, to 1 recipient(s).  Recipients: yosuf10@hotmail.com
[Tue Jan 30 00:14:12 2007] From CGI script /cgi-bin/oea.cgi, to 1 recipient(s).  Recipients: nalfarsi@hotmail.com
[Tue Jan 30 00:15:15 2007] From CGI script /cgi-bin/oea.cgi, to 1 recipient(s).  Recipients: webtec@omantel.net.om
[Tue Jan 30 00:15:15 2007] From CGI script /cgi-bin/oea.cgi, to 1 recipient(s).  Recipients: yosuf10@hotmail.com
[Tue Jan 30 00:15:15 2007] From CGI script /cgi-bin/oea.cgi, to 1 recipient(s).  Recipients: nalfarsi@hotmail.com
[Wed Feb 21 04:58:46 2007] From CGI script /cgi-bin/oea.cgi, to 1 recipient(s).  Recipients: samhansqu@hotmail.com
[Wed Feb 21 04:58:46 2007] From CGI script /cgi-bin/oea.cgi, to 1 recipient(s).  Recipients: nalfarsi@hotmail.com
[Wed Feb 21 04:58:45 2007] From CGI script /cgi-bin/oea.cgi, to 1 recipient(s).  Recipients: webtec@omantel.net.om
[Wed Feb 21 04:59:14 2007] From CGI script /cgi-bin/oea.cgi, to 1 recipient(s).  Recipients: webtec@omantel.net.om
[Wed Feb 21 04:59:14 2007] From CGI script /cgi-bin/oea.cgi, to 1 recipient(s).  Recipients: nalfarsi@hotmail.com
[Wed Feb 21 04:59:14 2007] From CGI script /cgi-bin/oea.cgi, to 1 recipient(s).  Recipients: samhansqu@hotmail.com
[Sat Feb 24 06:09:41 2007] From CGI script /cgi-bin/oea.cgi, to 1 recipient(s).  Recipients: rami.thaqafi@naeemholding.com
[Sat Feb 24 06:09:40 2007] From CGI script /cgi-bin/oea.cgi, to 1 recipient(s).  Recipients: webtec@omantel.net.om
[Sat Feb 24 06:09:40 2007] From CGI script /cgi-bin/oea.cgi, to 1 recipient(s).  Recipients: nalfarsi@hotmail.com
[Sat Feb 24 06:19:25 2007] From CGI script /cgi-bin/oea.cgi, to 1 recipient(s).  Recipients: webtec@omantel.net.om
[Sat Feb 24 06:19:25 2007] From CGI script /cgi-bin/oea.cgi, to 1 recipient(s).  Recipients: wyounes@eim.ae
[Sat Feb 24 06:19:25 2007] From CGI script /cgi-bin/oea.cgi, to 1 recipient(s).  Recipients: nalfarsi@hotmail.com
[Wed Feb 28 06:02:59 2007] From CGI script /cgi-bin/oea.cgi, to 1 recipient(s).  Recipients: webtec@omantel.net.om
[Wed Feb 28 06:02:59 2007] From CGI script /cgi-bin/oea.cgi, to 1 recipient(s).  Recipients: abuzina_2@hotmail.com
[Wed Feb 28 06:02:59 2007] From CGI script /cgi-bin/oea.cgi, to 1 recipient(s).  Recipients: nalfarsi@hotmail.com
[Sun Mar  4 06:25:19 2007] From CGI script /cgi-bin/oea.cgi, to 1 recipient(s).  Recipients: nalfarsi@hotmail.com
[Sun Mar  4 06:25:19 2007] From CGI script /cgi-bin/oea.cgi, to 1 recipient(s).  Recipients: webtec@omantel.net.om
[Sun Mar  4 06:25:19 2007] From CGI script /cgi-bin/oea.cgi, to 1 recipient(s).  Recipients: nabhan99@hotmail.com
[Sun Mar  4 07:17:20 2007] From CGI script /cgi-bin/oea.cgi, to 1 recipient(s).  Recipients: webtec@omantel.net.om
[Sun Mar  4 07:17:21 2007] From CGI script /cgi-bin/oea.cgi, to 1 recipient(s).  Recipients: ahmedhum@msm.gov.om
[Sun Mar  4 07:17:20 2007] From CGI script /cgi-bin/oea.cgi, to 1 recipient(s).  Recipients: nalfarsi@hotmail.com
[Tue Mar  6 07:32:35 2007] From CGI script /cgi-bin/oea.cgi, to 1 recipient(s).  Recipients: webtec@omantel.net.om
[Tue Mar  6 07:32:35 2007] From CGI script /cgi-bin/oea.cgi, to 1 recipient(s).  Recipients: u038630@squ.edu.om
[Tue Mar  6 07:32:35 2007] From CGI script /cgi-bin/oea.cgi, to 1 recipient(s).  Recipients: nalfarsi@hotmail.com
[Tue Mar  6 14:04:28 2007] From CGI script /cgi-bin/oea.cgi, to 1 recipient(s).  Recipients: nalfarsi@hotmail.com
[Tue Mar  6 14:04:28 2007] From CGI script /cgi-bin/oea.cgi, to 1 recipient(s).  Recipients: webtec@omantel.net.om
[Tue Mar  6 14:04:28 2007] From CGI script /cgi-bin/oea.cgi, to 1 recipient(s).  Recipients: safarahat@hotmail.com
[Thu Mar  8 04:51:04 2007] From CGI script /cgi-bin/oea.cgi, to 1 recipient(s).  Recipients: nalfarsi@hotmail.com
[Thu Mar  8 04:51:05 2007] From CGI script /cgi-bin/oea.cgi, to 1 recipient(s).  Recipients: kagoyala@gmail.com
[Thu Mar  8 04:51:04 2007] From CGI script /cgi-bin/oea.cgi, to 1 recipient(s).  Recipients: webtec@omantel.net.om
[Fri Mar  9 08:51:56 2007] From CGI script /cgi-bin/oea.cgi, to 1 recipient(s).  Recipients: gardeat99@hotmail.com
[Fri Mar  9 08:51:55 2007] From CGI script /cgi-bin/oea.cgi, to 1 recipient(s).  Recipients: webtec@omantel.net.om
[Fri Mar  9 08:51:55 2007] From CGI script /cgi-bin/oea.cgi, to 1 recipient(s).  Recipients: nalfarsi@hotmail.com
[Sat Mar 10 05:42:53 2007] From CGI script /cgi-bin/oea.cgi, to 1 recipient(s).  Recipients: khalfan.albarwani@gmail.com
[Sat Mar 10 05:42:53 2007] From CGI script /cgi-bin/oea.cgi, to 1 recipient(s).  Recipients: webtec@omantel.net.om
[Sat Mar 10 05:42:53 2007] From CGI script /cgi-bin/oea.cgi, to 1 recipient(s).  Recipients: nalfarsi@hotmail.com
[Sun Mar 11 01:39:30 2007] From CGI script /cgi-bin/oea.cgi, to 1 recipient(s).  Recipients: mw1766@hotmail.com
[Sun Mar 11 01:39:29 2007] From CGI script /cgi-bin/oea.cgi, to 1 recipient(s).  Recipients: webtec@omantel.net.om
[Sun Mar 11 01:39:29 2007] From CGI script /cgi-bin/oea.cgi, to 1 recipient(s).  Recipients: nalfarsi@hotmail.com
[Sun Mar 11 13:49:30 2007] From CGI script /cgi-bin/oea.cgi, to 1 recipient(s).  Recipients: webtec@omantel.net.om
[Sun Mar 11 13:49:31 2007] From CGI script /cgi-bin/oea.cgi, to 1 recipient(s).  Recipients: nalfarsi@hotmail.com
[Sun Mar 11 13:49:31 2007] From CGI script /cgi-bin/oea.cgi, to 1 recipient(s).  Recipients: ammar17july@hotmail.com
[Mon Mar 12 06:52:55 2007] From CGI script /cgi-bin/oea.cgi, to 1 recipient(s).  Recipients: nharthy@hotmail.com
[Mon Mar 12 06:52:55 2007] From CGI script /cgi-bin/oea.cgi, to 1 recipient(s).  Recipients: nalfarsi@hotmail.com
[Mon Mar 12 06:52:55 2007] From CGI script /cgi-bin/oea.cgi, to 1 recipient(s).  Recipients: webtec@omantel.net.om
[Sat Apr 21 04:33:24 2007] From CGI script /cgi-bin/oea.cgi, to 1 recipient(s).  Recipients: nalfarsi@hotmail.com
[Sat Apr 21 04:33:24 2007] From CGI script /cgi-bin/oea.cgi, to 1 recipient(s).  Recipients: bakhit.tabouk@hotmail.com
[Sat Apr 21 04:33:24 2007] From CGI script /cgi-bin/oea.cgi, to 1 recipient(s).  Recipients: webtec@omantel.net.om
[Sat Apr 21 17:00:10 2007] From CGI script /cgi-bin/oea.cgi, to 1 recipient(s).  Recipients: QaQee1000@hotmail.com
[Sat Apr 21 17:00:09 2007] From CGI script /cgi-bin/oea.cgi, to 1 recipient(s).  Recipients: webtec@omantel.net.om
[Sat Apr 21 17:00:09 2007] From CGI script /cgi-bin/oea.cgi, to 1 recipient(s).  Recipients: nalfarsi@hotmail.com
[Sat Apr 28 01:05:33 2007] From CGI script /cgi-bin/oea.cgi, to 1 recipient(s).  Recipients: u050303@hotmail.com
[Sat Apr 28 01:05:33 2007] From CGI script /cgi-bin/oea.cgi, to 1 recipient(s).  Recipients: nalfarsi@hotmail.com
[Sat Apr 28 01:05:33 2007] From CGI script /cgi-bin/oea.cgi, to 1 recipient(s).  Recipients: webtec@omantel.net.om
[Sat Apr 28 02:16:01 2007] From CGI script /cgi-bin/oea.cgi, to 1 recipient(s).  Recipients: nalfarsi@hotmail.com
[Sat Apr 28 02:16:01 2007] From CGI script /cgi-bin/oea.cgi, to 1 recipient(s).  Recipients: webtec@omantel.net.om
[Sat Apr 28 02:16:01 2007] From CGI script /cgi-bin/oea.cgi, to 1 recipient(s).  Recipients: maashni@yahoo.com
[Sat Apr 28 02:32:14 2007] From CGI script /cgi-bin/oea.cgi, to 1 recipient(s).  Recipients: webtec@omantel.net.om
[Sat Apr 28 02:32:14 2007] From CGI script /cgi-bin/oea.cgi, to 1 recipient(s).  Recipients: u054342@mail.squ.edu.om
[Sat Apr 28 02:32:14 2007] From CGI script /cgi-bin/oea.cgi, to 1 recipient(s).  Recipients: nalfarsi@hotmail.com
[Sat Apr 28 09:39:51 2007] From CGI script /cgi-bin/oea.cgi, to 1 recipient(s).  Recipients: webtec@omantel.net.om
[Sat Apr 28 09:39:52 2007] From CGI script /cgi-bin/oea.cgi, to 1 recipient(s).  Recipients: u054342@mail.squ.edu.om
[Sat Apr 28 09:39:52 2007] From CGI script /cgi-bin/oea.cgi, to 1 recipient(s).  Recipients: nalfarsi@hotmail.com
[Mon Apr 30 13:26:00 2007] From CGI script /cgi-bin/oea.cgi, to 1 recipient(s).  Recipients: abu_saadi@hotmail.com
[Mon Apr 30 13:26:00 2007] From CGI script /cgi-bin/oea.cgi, to 1 recipient(s).  Recipients: webtec@omantel.net.om
[Mon Apr 30 13:26:00 2007] From CGI script /cgi-bin/oea.cgi, to 1 recipient(s).  Recipients: nalfarsi@hotmail.com
[Wed May 16 13:41:40 2007] From CGI script /cgi-bin/oea.cgi, to 1 recipient(s).  Recipients: nalfarsi@hotmail.com
[Wed May 16 13:41:40 2007] From CGI script /cgi-bin/oea.cgi, to 1 recipient(s).  Recipients: webtec@omantel.net.om
[Wed May 16 13:41:40 2007] From CGI script /cgi-bin/oea.cgi, to 1 recipient(s).  Recipients: alassar45@hotmail.com
[Thu May 17 02:33:10 2007] From CGI script /cgi-bin/oea.cgi, to 1 recipient(s).  Recipients: nalfarsi@hotmail.com
[Thu May 17 02:33:11 2007] From CGI script /cgi-bin/oea.cgi, to 1 recipient(s).  Recipients: hadid101@yahoo.com
[Thu May 17 02:33:10 2007] From CGI script /cgi-bin/oea.cgi, to 1 recipient(s).  Recipients: webtec@omantel.net.om
